[INFO ] 2021-03-02 11:00:50.021 [main] | [c.m.bigdata.openapi.MainApplication.logStarting:55] Starting MainApplication using Java 1.8.0_271 on bogon with PID 6215 (/Users/wumutong/project/bi-imos-demo/bigdata-openapi/target/classes started by wumutong in /Users/wumutong/project/bi-imos-demo/bigdata-openapi)
[INFO ] 2021-03-02 11:00:50.024 [main] | [c.m.bigdata.openapi.MainApplication.logStartupProfileInfo:660] No active profile set, falling back to default profiles: default
[INFO ] 2021-03-02 11:00:51.150 [main] | [o.s.b.w.e.tomcat.TomcatWebServer.initialize:108] Tomcat initialized with port(s): 50288 (http)
[INFO ] 2021-03-02 11:00:51.158 [main] | [o.a.coyote.http11.Http11NioProtocol.log:173] Initializing ProtocolHandler ["http-nio-50288"]
[INFO ] 2021-03-02 11:00:51.160 [main] | [o.a.catalina.core.StandardService.log:173] Starting service [Tomcat]
[INFO ] 2021-03-02 11:00:51.161 [main] | [o.a.catalina.core.StandardEngine.log:173] Starting Servlet engine: [Apache Tomcat/9.0.39]
[INFO ] 2021-03-02 11:00:51.228 [main] | [o.a.c.c.C.[Tomcat].[localhost].[/].log:173] Initializing Spring embedded WebApplicationContext
[INFO ] 2021-03-02 11:00:51.228 [main] | [o.s.b.w.s.c.ServletWebServerApplicationContext.prepareWebApplicationContext:289] Root WebApplicationContext: initialization completed in 1149 ms
[INFO ] 2021-03-02 11:00:51.859 [main] | [c.m.b.openapi.load.LoadMapperData.load:45] load mapper starting...
[INFO ] 2021-03-02 11:00:51.860 [main] | [c.m.b.openapi.load.LoadMapperData.load:48] mapper build path --> /Users/wumutong/project/bi-imos-demo/bigdata-openapi/mapper-build
[INFO ] 2021-03-02 11:00:51.884 [main] | [com.zaxxer.hikari.HikariDataSource.getConnection:110] HikariPool-1 - Starting...
[INFO ] 2021-03-02 11:00:54.026 [main] | [com.zaxxer.hikari.HikariDataSource.getConnection:123] HikariPool-1 - Start completed.
[INFO ] 2021-03-02 11:00:54.510 [main] | [c.m.b.openapi.load.LoadMapperData.load:88] mapper build success --> 1 [/test] org.apache.ibatis.session.defaults.DefaultSqlSessionFactory@1aac188d
[INFO ] 2021-03-02 11:00:54.525 [main] | [c.m.b.openapi.load.LoadMapperData.load:88] mapper build success --> 2 [/test1] org.apache.ibatis.session.defaults.DefaultSqlSessionFactory@43f61afb
[INFO ] 2021-03-02 11:00:54.525 [main] | [c.m.b.openapi.load.LoadMapperData.load:95] load mapper finished...
[INFO ] 2021-03-02 11:00:54.734 [main] | [o.s.s.c.ThreadPoolTaskExecutor.initialize:181] Initializing ExecutorService 'applicationTaskExecutor'
[INFO ] 2021-03-02 11:00:54.939 [main] | [o.s.s.c.ThreadPoolTaskScheduler.initialize:181] Initializing ExecutorService 'taskScheduler'
[INFO ] 2021-03-02 11:00:54.985 [main] | [o.a.coyote.http11.Http11NioProtocol.log:173] Starting ProtocolHandler ["http-nio-50288"]
[INFO ] 2021-03-02 11:00:55.023 [main] | [o.s.b.w.e.tomcat.TomcatWebServer.start:220] Tomcat started on port(s): 50288 (http) with context path ''
[INFO ] 2021-03-02 11:00:55.038 [main] | [c.m.bigdata.openapi.MainApplication.logStarted:61] Started MainApplication in 5.3 seconds (JVM running for 6.044)
[INFO ] 2021-03-02 11:00:56.988 [SpringContextShutdownHook] | [o.s.s.c.ThreadPoolTaskScheduler.shutdown:218] Shutting down ExecutorService 'taskScheduler'
[INFO ] 2021-03-02 11:00:56.990 [SpringContextShutdownHook] | [o.s.s.c.ThreadPoolTaskExecutor.shutdown:218] Shutting down ExecutorService 'applicationTaskExecutor'
[INFO ] 2021-03-02 11:00:56.991 [SpringContextShutdownHook] | [com.zaxxer.hikari.HikariDataSource.close:350] HikariPool-1 - Shutdown initiated...
[INFO ] 2021-03-02 11:00:57.652 [SpringContextShutdownHook] | [com.zaxxer.hikari.HikariDataSource.close:352] HikariPool-1 - Shutdown completed.
[WARN ] 2021-03-02 12:46:32.660 [main] | [o.s.boot.StartupInfoLogger.appendOn:117] InetAddress.getLocalHost().getHostName() took 703 milliseconds to respond. Please verify your network configuration (macOS machines may need to add entries to /etc/hosts).
[INFO ] 2021-03-02 12:46:32.666 [main] | [c.m.bigdata.openapi.MainApplication.logStarting:55] Starting MainApplication using Java 1.8.0_271 on bogon with PID 2883 (/Users/wumutong/project/bi-imos-demo/bigdata-openapi/target/classes started by wumutong in /Users/wumutong/project/bi-imos-demo/bigdata-openapi)
[INFO ] 2021-03-02 12:46:32.666 [main] | [c.m.bigdata.openapi.MainApplication.logStartupProfileInfo:660] No active profile set, falling back to default profiles: default
[INFO ] 2021-03-02 12:46:34.006 [main] | [o.s.b.w.e.tomcat.TomcatWebServer.initialize:108] Tomcat initialized with port(s): 50288 (http)
[INFO ] 2021-03-02 12:46:34.013 [main] | [o.a.coyote.http11.Http11NioProtocol.log:173] Initializing ProtocolHandler ["http-nio-50288"]
[INFO ] 2021-03-02 12:46:34.014 [main] | [o.a.catalina.core.StandardService.log:173] Starting service [Tomcat]
[INFO ] 2021-03-02 12:46:34.014 [main] | [o.a.catalina.core.StandardEngine.log:173] Starting Servlet engine: [Apache Tomcat/9.0.39]
[INFO ] 2021-03-02 12:46:34.106 [main] | [o.a.c.c.C.[Tomcat].[localhost].[/].log:173] Initializing Spring embedded WebApplicationContext
[INFO ] 2021-03-02 12:46:34.106 [main] | [o.s.b.w.s.c.ServletWebServerApplicationContext.prepareWebApplicationContext:289] Root WebApplicationContext: initialization completed in 1392 ms
[INFO ] 2021-03-02 12:46:34.583 [main] | [c.m.b.openapi.load.LoadMapperData.load:45] load mapper starting...
[INFO ] 2021-03-02 12:46:34.584 [main] | [c.m.b.openapi.load.LoadMapperData.load:48] mapper build path --> /Users/wumutong/project/bi-imos-demo/bigdata-openapi/mapper-build
[INFO ] 2021-03-02 12:46:34.598 [main] | [com.zaxxer.hikari.HikariDataSource.getConnection:110] HikariPool-1 - Starting...
[INFO ] 2021-03-02 12:46:39.289 [main] | [com.zaxxer.hikari.HikariDataSource.getConnection:123] HikariPool-1 - Start completed.
[INFO ] 2021-03-02 12:46:40.098 [main] | [c.m.b.openapi.load.LoadMapperData.load:88] mapper build success --> 1 [/test] org.apache.ibatis.session.defaults.DefaultSqlSessionFactory@4fad6218
[INFO ] 2021-03-02 12:46:40.106 [main] | [c.m.b.openapi.load.LoadMapperData.load:88] mapper build success --> 2 [/test1] org.apache.ibatis.session.defaults.DefaultSqlSessionFactory@39c1fe0b
[INFO ] 2021-03-02 12:46:40.106 [main] | [c.m.b.openapi.load.LoadMapperData.load:95] load mapper finished...
[INFO ] 2021-03-02 12:46:40.194 [main] | [o.s.s.c.ThreadPoolTaskExecutor.initialize:181] Initializing ExecutorService 'applicationTaskExecutor'
[INFO ] 2021-03-02 12:46:40.365 [main] | [o.s.s.c.ThreadPoolTaskScheduler.initialize:181] Initializing ExecutorService 'taskScheduler'
[INFO ] 2021-03-02 12:46:40.397 [main] | [o.a.coyote.http11.Http11NioProtocol.log:173] Starting ProtocolHandler ["http-nio-50288"]
[INFO ] 2021-03-02 12:46:40.425 [main] | [o.s.b.w.e.tomcat.TomcatWebServer.start:220] Tomcat started on port(s): 50288 (http) with context path ''
[INFO ] 2021-03-02 12:46:40.438 [main] | [c.m.bigdata.openapi.MainApplication.logStarted:61] Started MainApplication in 18.811 seconds (JVM running for 24.833)
[INFO ] 2021-03-02 12:46:43.136 [http-nio-50288-exec-1] | [o.a.c.c.C.[Tomcat].[localhost].[/].log:173] Initializing Spring DispatcherServlet 'dispatcherServlet'
[INFO ] 2021-03-02 12:46:43.139 [http-nio-50288-exec-1] | [o.s.web.servlet.DispatcherServlet.initServletBean:525] Initializing Servlet 'dispatcherServlet'
[INFO ] 2021-03-02 12:46:43.140 [http-nio-50288-exec-1] | [o.s.web.servlet.DispatcherServlet.initServletBean:547] Completed initialization in 1 ms
[ERROR] 2021-03-02 12:47:13.273 [http-nio-50288-exec-1] | [o.a.c.c.C.[.[.[.[dispatcherServlet].log:175] Servlet.service() for servlet [dispatcherServlet] in context with path [] threw exception [Request processing failed; nested exception is org.apache.ibatis.exceptions.PersistenceException: 
### Error querying database.  Cause: com.mysql.cj.jdbc.exceptions.CommunicationsException: Communications link failure

The last packet sent successfully to the server was 0 milliseconds ago. The driver has not received any packets from the server.
### The error may exist in file:////Users/wumutong/project/bi-imos-demo/bigdata-openapi/mapper-build/mapper-build-1.xml
### The error may involve com.mfexcel.bigdata.openapi.mapper.BaseMapper.execute
### The error occurred while executing a query
### Cause: com.mysql.cj.jdbc.exceptions.CommunicationsException: Communications link failure

The last packet sent successfully to the server was 0 milliseconds ago. The driver has not received any packets from the server.] with root cause
java.net.SocketTimeoutException: connect timed out
	at java.net.PlainSocketImpl.socketConnect(Native Method)
	at java.net.AbstractPlainSocketImpl.doConnect(AbstractPlainSocketImpl.java:476)
	at java.net.AbstractPlainSocketImpl.connectToAddress(AbstractPlainSocketImpl.java:218)
	at java.net.AbstractPlainSocketImpl.connect(AbstractPlainSocketImpl.java:200)
	at java.net.SocksSocketImpl.connect(SocksSocketImpl.java:394)
	at java.net.Socket.connect(Socket.java:606)
	at com.mysql.cj.protocol.StandardSocketFactory.connect(StandardSocketFactory.java:155)
	at com.mysql.cj.protocol.a.NativeSocketConnection.connect(NativeSocketConnection.java:63)
	at com.mysql.cj.NativeSession.connect(NativeSession.java:144)
	at com.mysql.cj.jdbc.ConnectionImpl.connectOneTryOnly(ConnectionImpl.java:956)
	at com.mysql.cj.jdbc.ConnectionImpl.createNewIO(ConnectionImpl.java:826)
	at com.mysql.cj.jdbc.ConnectionImpl.<init>(ConnectionImpl.java:456)
	at com.mysql.cj.jdbc.ConnectionImpl.getInstance(ConnectionImpl.java:246)
	at com.mysql.cj.jdbc.NonRegisteringDriver.connect(NonRegisteringDriver.java:198)
	at java.sql.DriverManager.getConnection(DriverManager.java:664)
	at java.sql.DriverManager.getConnection(DriverManager.java:208)
	at org.apache.ibatis.datasource.unpooled.UnpooledDataSource.doGetConnection(UnpooledDataSource.java:224)
	at org.apache.ibatis.datasource.unpooled.UnpooledDataSource.doGetConnection(UnpooledDataSource.java:219)
	at org.apache.ibatis.datasource.unpooled.UnpooledDataSource.getConnection(UnpooledDataSource.java:95)
	at org.apache.ibatis.transaction.jdbc.JdbcTransaction.openConnection(JdbcTransaction.java:139)
	at org.apache.ibatis.transaction.jdbc.JdbcTransaction.getConnection(JdbcTransaction.java:61)
	at org.apache.ibatis.executor.BaseExecutor.getConnection(BaseExecutor.java:337)
	at org.apache.ibatis.executor.SimpleExecutor.prepareStatement(SimpleExecutor.java:86)
	at org.apache.ibatis.executor.SimpleExecutor.doQuery(SimpleExecutor.java:62)
	at org.apache.ibatis.executor.BaseExecutor.queryFromDatabase(BaseExecutor.java:325)
	at org.apache.ibatis.executor.BaseExecutor.query(BaseExecutor.java:156)
	at org.apache.ibatis.executor.CachingExecutor.query(CachingExecutor.java:109)
	at com.baomidou.mybatisplus.extension.plugins.MybatisPlusInterceptor.intercept(MybatisPlusInterceptor.java:64)
	at org.apache.ibatis.plugin.Plugin.invoke(Plugin.java:61)
	at com.sun.proxy.$Proxy76.query(Unknown Source)
	at org.apache.ibatis.session.defaults.DefaultSqlSession.selectList(DefaultSqlSession.java:147)
	at org.apache.ibatis.session.defaults.DefaultSqlSession.selectList(DefaultSqlSession.java:140)
	at org.apache.ibatis.binding.MapperMethod.executeForMany(MapperMethod.java:147)
	at org.apache.ibatis.binding.MapperMethod.execute(MapperMethod.java:80)
	at org.apache.ibatis.binding.MapperProxy$PlainMethodInvoker.invoke(MapperProxy.java:152)
	at org.apache.ibatis.binding.MapperProxy.invoke(MapperProxy.java:85)
	at com.sun.proxy.$Proxy72.execute(Unknown Source)
	at com.mfexcel.bigdata.openapi.controller.BaseController.handler(BaseController.java:58)
	at sun.reflect.NativeMethodAccessorImpl.invoke0(Native Method)
	at sun.reflect.NativeMethodAccessorImpl.invoke(NativeMethodAccessorImpl.java:62)
	at sun.reflect.DelegatingMethodAccessorImpl.invoke(DelegatingMethodAccessorImpl.java:43)
	at java.lang.reflect.Method.invoke(Method.java:498)
	at org.springframework.web.method.support.InvocableHandlerMethod.doInvoke(InvocableHandlerMethod.java:197)
	at org.springframework.web.method.support.InvocableHandlerMethod.invokeForRequest(InvocableHandlerMethod.java:141)
	at org.springframework.web.servlet.mvc.method.annotation.ServletInvocableHandlerMethod.invokeAndHandle(ServletInvocableHandlerMethod.java:106)
	at org.springframework.web.servlet.mvc.method.annotation.RequestMappingHandlerAdapter.invokeHandlerMethod(RequestMappingHandlerAdapter.java:893)
	at org.springframework.web.servlet.mvc.method.annotation.RequestMappingHandlerAdapter.handleInternal(RequestMappingHandlerAdapter.java:807)
	at org.springframework.web.servlet.mvc.method.AbstractHandlerMethodAdapter.handle(AbstractHandlerMethodAdapter.java:87)
	at org.springframework.web.servlet.DispatcherServlet.doDispatch(DispatcherServlet.java:1061)
	at org.springframework.web.servlet.DispatcherServlet.doService(DispatcherServlet.java:961)
	at org.springframework.web.servlet.FrameworkServlet.processRequest(FrameworkServlet.java:1006)
	at org.springframework.web.servlet.FrameworkServlet.doPost(FrameworkServlet.java:909)
	at javax.servlet.http.HttpServlet.service(HttpServlet.java:652)
	at org.springframework.web.servlet.FrameworkServlet.service(FrameworkServlet.java:883)
	at javax.servlet.http.HttpServlet.service(HttpServlet.java:733)
	at org.apache.catalina.core.ApplicationFilterChain.internalDoFilter(ApplicationFilterChain.java:231)
	at org.apache.catalina.core.ApplicationFilterChain.doFilter(ApplicationFilterChain.java:166)
	at org.apache.tomcat.websocket.server.WsFilter.doFilter(WsFilter.java:53)
	at org.apache.catalina.core.ApplicationFilterChain.internalDoFilter(ApplicationFilterChain.java:193)
	at org.apache.catalina.core.ApplicationFilterChain.doFilter(ApplicationFilterChain.java:166)
	at org.springframework.web.filter.RequestContextFilter.doFilterInternal(RequestContextFilter.java:100)
	at org.springframework.web.filter.OncePerRequestFilter.doFilter(OncePerRequestFilter.java:119)
	at org.apache.catalina.core.ApplicationFilterChain.internalDoFilter(ApplicationFilterChain.java:193)
	at org.apache.catalina.core.ApplicationFilterChain.doFilter(ApplicationFilterChain.java:166)
	at org.springframework.web.filter.FormContentFilter.doFilterInternal(FormContentFilter.java:93)
	at org.springframework.web.filter.OncePerRequestFilter.doFilter(OncePerRequestFilter.java:119)
	at org.apache.catalina.core.ApplicationFilterChain.internalDoFilter(ApplicationFilterChain.java:193)
	at org.apache.catalina.core.ApplicationFilterChain.doFilter(ApplicationFilterChain.java:166)
	at org.springframework.web.filter.CharacterEncodingFilter.doFilterInternal(CharacterEncodingFilter.java:201)
	at org.springframework.web.filter.OncePerRequestFilter.doFilter(OncePerRequestFilter.java:119)
	at org.apache.catalina.core.ApplicationFilterChain.internalDoFilter(ApplicationFilterChain.java:193)
	at org.apache.catalina.core.ApplicationFilterChain.doFilter(ApplicationFilterChain.java:166)
	at org.apache.catalina.core.StandardWrapperValve.invoke(StandardWrapperValve.java:202)
	at org.apache.catalina.core.StandardContextValve.invoke(StandardContextValve.java:97)
	at org.apache.catalina.authenticator.AuthenticatorBase.invoke(AuthenticatorBase.java:542)
	at org.apache.catalina.core.StandardHostValve.invoke(StandardHostValve.java:143)
	at org.apache.catalina.valves.ErrorReportValve.invoke(ErrorReportValve.java:92)
	at org.apache.catalina.core.StandardEngineValve.invoke(StandardEngineValve.java:78)
	at org.apache.catalina.connector.CoyoteAdapter.service(CoyoteAdapter.java:343)
	at org.apache.coyote.http11.Http11Processor.service(Http11Processor.java:374)
	at org.apache.coyote.AbstractProcessorLight.process(AbstractProcessorLight.java:65)
	at org.apache.coyote.AbstractProtocol$ConnectionHandler.process(AbstractProtocol.java:868)
	at org.apache.tomcat.util.net.NioEndpoint$SocketProcessor.doRun(NioEndpoint.java:1590)
	at org.apache.tomcat.util.net.SocketProcessorBase.run(SocketProcessorBase.java:49)
	at java.util.concurrent.ThreadPoolExecutor.runWorker(ThreadPoolExecutor.java:1149)
	at java.util.concurrent.ThreadPoolExecutor$Worker.run(ThreadPoolExecutor.java:624)
	at org.apache.tomcat.util.threads.TaskThread$WrappingRunnable.run(TaskThread.java:61)
	at java.lang.Thread.run(Thread.java:748)
[WARN ] 2021-03-02 13:23:18.593 [HikariPool-1 housekeeper] | [com.zaxxer.hikari.pool.HikariPool.run:787] HikariPool-1 - Thread starvation or clock leap detected (housekeeper delta=30m9s3ms).
[WARN ] 2021-03-02 13:23:47.886 [HikariPool-1 housekeeper] | [com.zaxxer.hikari.pool.HikariPool.run:779] HikariPool-1 - Retrograde clock change detected (housekeeper delta=29s295ms), soft-evicting connections from pool.
[WARN ] 2021-03-02 14:01:26.206 [HikariPool-1 housekeeper] | [com.zaxxer.hikari.pool.HikariPool.run:787] HikariPool-1 - Thread starvation or clock leap detected (housekeeper delta=37m38s320ms).
[INFO ] 2021-03-02 14:05:20.532 [SpringContextShutdownHook] | [o.s.s.c.ThreadPoolTaskScheduler.shutdown:218] Shutting down ExecutorService 'taskScheduler'
[INFO ] 2021-03-02 14:05:20.538 [SpringContextShutdownHook] | [o.s.s.c.ThreadPoolTaskExecutor.shutdown:218] Shutting down ExecutorService 'applicationTaskExecutor'
[INFO ] 2021-03-02 14:05:20.539 [SpringContextShutdownHook] | [com.zaxxer.hikari.HikariDataSource.close:350] HikariPool-1 - Shutdown initiated...
[INFO ] 2021-03-02 14:05:20.546 [SpringContextShutdownHook] | [com.zaxxer.hikari.HikariDataSource.close:352] HikariPool-1 - Shutdown completed.
[INFO ] 2021-03-02 18:39:23.052 [main] | [c.m.bigdata.openapi.MainApplication.logStarting:55] Starting MainApplication using Java 1.8.0_271 on bogon with PID 5732 (/Users/wumutong/project/bi-imos-demo/bigdata-openapi/target/classes started by wumutong in /Users/wumutong/project/bi-imos-demo/bigdata-openapi)
[INFO ] 2021-03-02 18:39:23.057 [main] | [c.m.bigdata.openapi.MainApplication.logStartupProfileInfo:660] No active profile set, falling back to default profiles: default
[INFO ] 2021-03-02 18:39:24.220 [main] | [o.s.b.w.e.tomcat.TomcatWebServer.initialize:108] Tomcat initialized with port(s): 50288 (http)
[INFO ] 2021-03-02 18:39:24.233 [main] | [o.a.coyote.http11.Http11NioProtocol.log:173] Initializing ProtocolHandler ["http-nio-50288"]
[INFO ] 2021-03-02 18:39:24.233 [main] | [o.a.catalina.core.StandardService.log:173] Starting service [Tomcat]
[INFO ] 2021-03-02 18:39:24.233 [main] | [o.a.catalina.core.StandardEngine.log:173] Starting Servlet engine: [Apache Tomcat/9.0.39]
[INFO ] 2021-03-02 18:39:24.386 [main] | [o.a.c.c.C.[Tomcat].[localhost].[/].log:173] Initializing Spring embedded WebApplicationContext
[INFO ] 2021-03-02 18:39:24.386 [main] | [o.s.b.w.s.c.ServletWebServerApplicationContext.prepareWebApplicationContext:289] Root WebApplicationContext: initialization completed in 1276 ms
[INFO ] 2021-03-02 18:39:24.968 [main] | [c.m.b.openapi.load.LoadMapperData.load:45] load mapper starting...
[INFO ] 2021-03-02 18:39:24.969 [main] | [c.m.b.openapi.load.LoadMapperData.load:48] mapper build path --> /Users/wumutong/project/bi-imos-demo/bigdata-openapi/mapper-build
[INFO ] 2021-03-02 18:39:24.995 [main] | [com.zaxxer.hikari.HikariDataSource.getConnection:110] HikariPool-1 - Starting...
[INFO ] 2021-03-02 18:39:26.946 [main] | [com.zaxxer.hikari.HikariDataSource.getConnection:123] HikariPool-1 - Start completed.
[INFO ] 2021-03-02 18:39:27.372 [main] | [c.m.b.openapi.load.LoadMapperData.load:88] mapper build success --> 1 [/test] org.apache.ibatis.session.defaults.DefaultSqlSessionFactory@6869a3b3
[INFO ] 2021-03-02 18:39:27.381 [main] | [c.m.b.openapi.load.LoadMapperData.load:88] mapper build success --> 2 [/test1] org.apache.ibatis.session.defaults.DefaultSqlSessionFactory@cb03411
[INFO ] 2021-03-02 18:39:27.381 [main] | [c.m.b.openapi.load.LoadMapperData.load:95] load mapper finished...
[INFO ] 2021-03-02 18:39:27.513 [main] | [o.s.s.c.ThreadPoolTaskExecutor.initialize:181] Initializing ExecutorService 'applicationTaskExecutor'
[INFO ] 2021-03-02 18:39:27.748 [main] | [o.s.s.c.ThreadPoolTaskScheduler.initialize:181] Initializing ExecutorService 'taskScheduler'
[INFO ] 2021-03-02 18:39:27.775 [main] | [o.a.coyote.http11.Http11NioProtocol.log:173] Starting ProtocolHandler ["http-nio-50288"]
[INFO ] 2021-03-02 18:39:27.808 [main] | [o.s.b.w.e.tomcat.TomcatWebServer.start:220] Tomcat started on port(s): 50288 (http) with context path ''
[INFO ] 2021-03-02 18:39:27.824 [main] | [c.m.bigdata.openapi.MainApplication.logStarted:61] Started MainApplication in 5.38 seconds (JVM running for 10.223)
[INFO ] 2021-03-02 18:50:05.396 [http-nio-50288-exec-1] | [o.a.c.c.C.[Tomcat].[localhost].[/].log:173] Initializing Spring DispatcherServlet 'dispatcherServlet'
[INFO ] 2021-03-02 18:50:05.404 [http-nio-50288-exec-1] | [o.s.web.servlet.DispatcherServlet.initServletBean:525] Initializing Servlet 'dispatcherServlet'
[INFO ] 2021-03-02 18:50:05.417 [http-nio-50288-exec-1] | [o.s.web.servlet.DispatcherServlet.initServletBean:547] Completed initialization in 12 ms
[WARN ] 2021-03-02 19:14:55.260 [HikariPool-1 housekeeper] | [com.zaxxer.hikari.pool.HikariPool.run:779] HikariPool-1 - Retrograde clock change detected (housekeeper delta=27s956ms), soft-evicting connections from pool.
[WARN ] 2021-03-02 19:45:13.148 [HikariPool-1 housekeeper] | [com.zaxxer.hikari.pool.HikariPool.run:787] HikariPool-1 - Thread starvation or clock leap detected (housekeeper delta=30m17s890ms).
[WARN ] 2021-03-02 21:45:35.400 [HikariPool-1 housekeeper] | [com.zaxxer.hikari.pool.HikariPool.run:787] HikariPool-1 - Thread starvation or clock leap detected (housekeeper delta=2h22s252ms).
[WARN ] 2021-03-02 23:46:29.360 [HikariPool-1 housekeeper] | [com.zaxxer.hikari.pool.HikariPool.run:787] HikariPool-1 - Thread starvation or clock leap detected (housekeeper delta=2h22s47ms).
