[WARN ] 2021-03-04 01:43:02.629 [HikariPool-1 housekeeper] | [com.zaxxer.hikari.pool.HikariPool.run:787] HikariPool-1 - Thread starvation or clock leap detected (housekeeper delta=2h22s66ms).
[WARN ] 2021-03-04 03:45:24.882 [HikariPool-1 housekeeper] | [com.zaxxer.hikari.pool.HikariPool.run:787] HikariPool-1 - Thread starvation or clock leap detected (housekeeper delta=2h22s198ms).
[WARN ] 2021-03-04 05:46:16.210 [HikariPool-1 housekeeper] | [com.zaxxer.hikari.pool.HikariPool.run:787] HikariPool-1 - Thread starvation or clock leap detected (housekeeper delta=2h21s323ms).
[WARN ] 2021-03-04 07:47:09.219 [HikariPool-1 housekeeper] | [com.zaxxer.hikari.pool.HikariPool.run:787] HikariPool-1 - Thread starvation or clock leap detected (housekeeper delta=2h23s16ms).
[WARN ] 2021-03-04 08:38:10.959 [HikariPool-1 housekeeper] | [com.zaxxer.hikari.pool.HikariPool.run:787] HikariPool-1 - Thread starvation or clock leap detected (housekeeper delta=50m31s726ms).
[WARN ] 2021-03-04 08:45:00.004 [HikariPool-1 housekeeper] | [com.zaxxer.hikari.pool.HikariPool.run:787] HikariPool-1 - Thread starvation or clock leap detected (housekeeper delta=6m49s45ms).
[WARN ] 2021-03-04 08:45:29.291 [HikariPool-1 housekeeper] | [com.zaxxer.hikari.pool.HikariPool.run:779] HikariPool-1 - Retrograde clock change detected (housekeeper delta=29s287ms), soft-evicting connections from pool.
[WARN ] 2021-03-04 08:59:56.406 [HikariPool-1 housekeeper] | [com.zaxxer.hikari.pool.HikariPool.run:779] HikariPool-1 - Retrograde clock change detected (housekeeper delta=26s914ms), soft-evicting connections from pool.
[WARN ] 2021-03-04 12:59:19.117 [HikariPool-1 housekeeper] | [com.zaxxer.hikari.pool.HikariPool.run:787] HikariPool-1 - Thread starvation or clock leap detected (housekeeper delta=30m19s576ms).
[WARN ] 2021-03-04 12:59:48.912 [HikariPool-1 housekeeper] | [com.zaxxer.hikari.pool.HikariPool.run:779] HikariPool-1 - Retrograde clock change detected (housekeeper delta=29s800ms), soft-evicting connections from pool.
[WARN ] 2021-03-04 13:37:53.730 [HikariPool-1 housekeeper] | [com.zaxxer.hikari.pool.HikariPool.run:787] HikariPool-1 - Thread starvation or clock leap detected (housekeeper delta=38m4s818ms).
[WARN ] 2021-03-04 14:00:17.879 [HikariPool-1 housekeeper] | [com.zaxxer.hikari.pool.HikariPool.run:787] HikariPool-1 - Thread starvation or clock leap detected (housekeeper delta=21m54s124ms).
[WARN ] 2021-03-04 14:00:45.787 [HikariPool-1 housekeeper] | [com.zaxxer.hikari.pool.HikariPool.run:779] HikariPool-1 - Retrograde clock change detected (housekeeper delta=27s907ms), soft-evicting connections from pool.
[INFO ] 2021-03-04 16:32:48.333 [SpringContextShutdownHook] | [o.s.s.c.ThreadPoolTaskScheduler.shutdown:218] Shutting down ExecutorService 'taskScheduler'
[INFO ] 2021-03-04 16:32:48.342 [SpringContextShutdownHook] | [o.s.s.c.ThreadPoolTaskExecutor.shutdown:218] Shutting down ExecutorService 'applicationTaskExecutor'
[INFO ] 2021-03-04 16:32:48.348 [SpringContextShutdownHook] | [com.zaxxer.hikari.HikariDataSource.close:350] HikariPool-1 - Shutdown initiated...
[INFO ] 2021-03-04 16:32:48.357 [SpringContextShutdownHook] | [com.zaxxer.hikari.HikariDataSource.close:352] HikariPool-1 - Shutdown completed.
[INFO ] 2021-03-04 16:32:54.826 [main] | [c.m.bigdata.openapi.MainApplication.logStarting:55] Starting MainApplication using Java 1.8.0_271 on bogon with PID 12421 (/Users/wumutong/project/bi-imos-demo/bigdata-openapi/target/classes started by wumutong in /Users/wumutong/project/bi-imos-demo/bigdata-openapi)
[INFO ] 2021-03-04 16:32:54.829 [main] | [c.m.bigdata.openapi.MainApplication.logStartupProfileInfo:660] No active profile set, falling back to default profiles: default
[INFO ] 2021-03-04 16:32:56.084 [main] | [o.s.b.w.e.tomcat.TomcatWebServer.initialize:108] Tomcat initialized with port(s): 50288 (http)
[INFO ] 2021-03-04 16:32:56.105 [main] | [o.a.coyote.http11.Http11NioProtocol.log:173] Initializing ProtocolHandler ["http-nio-50288"]
[INFO ] 2021-03-04 16:32:56.107 [main] | [o.a.catalina.core.StandardService.log:173] Starting service [Tomcat]
[INFO ] 2021-03-04 16:32:56.107 [main] | [o.a.catalina.core.StandardEngine.log:173] Starting Servlet engine: [Apache Tomcat/9.0.39]
[INFO ] 2021-03-04 16:32:56.264 [main] | [o.a.c.c.C.[Tomcat].[localhost].[/].log:173] Initializing Spring embedded WebApplicationContext
[INFO ] 2021-03-04 16:32:56.265 [main] | [o.s.b.w.s.c.ServletWebServerApplicationContext.prepareWebApplicationContext:289] Root WebApplicationContext: initialization completed in 1381 ms
[INFO ] 2021-03-04 16:32:57.021 [main] | [c.m.b.openapi.load.LoadMapperData.load:45] load mapper starting...
[INFO ] 2021-03-04 16:32:57.021 [main] | [c.m.b.openapi.load.LoadMapperData.load:48] mapper build path --> /Users/wumutong/project/bi-imos-demo/bigdata-openapi/mapper-build
[INFO ] 2021-03-04 16:32:57.059 [main] | [com.zaxxer.hikari.HikariDataSource.getConnection:110] HikariPool-1 - Starting...
[INFO ] 2021-03-04 16:32:59.143 [main] | [com.zaxxer.hikari.HikariDataSource.getConnection:123] HikariPool-1 - Start completed.
[INFO ] 2021-03-04 16:32:59.711 [main] | [c.m.b.openapi.load.LoadMapperData.load:88] mapper build success --> 1 [/industTop10] org.apache.ibatis.session.defaults.DefaultSqlSessionFactory@41bf79da
[INFO ] 2021-03-04 16:32:59.720 [main] | [c.m.b.openapi.load.LoadMapperData.load:88] mapper build success --> 2 [/codeTop10] org.apache.ibatis.session.defaults.DefaultSqlSessionFactory@5ff90645
[INFO ] 2021-03-04 16:32:59.731 [main] | [c.m.b.openapi.load.LoadMapperData.load:88] mapper build success --> 3 [/sceneRecogitionCnt] org.apache.ibatis.session.defaults.DefaultSqlSessionFactory@2c768ada
[INFO ] 2021-03-04 16:32:59.744 [main] | [c.m.b.openapi.load.LoadMapperData.load:88] mapper build success --> 4 [/codeTop] org.apache.ibatis.session.defaults.DefaultSqlSessionFactory@1640c151
[INFO ] 2021-03-04 16:32:59.754 [main] | [c.m.b.openapi.load.LoadMapperData.load:88] mapper build success --> 5 [/industSentTrend] org.apache.ibatis.session.defaults.DefaultSqlSessionFactory@11ebb1b6
[INFO ] 2021-03-04 16:32:59.762 [main] | [c.m.b.openapi.load.LoadMapperData.load:88] mapper build success --> 6 [/bigIndustRecogitionCnt] org.apache.ibatis.session.defaults.DefaultSqlSessionFactory@7bc6d27a
[INFO ] 2021-03-04 16:32:59.771 [main] | [c.m.b.openapi.load.LoadMapperData.load:88] mapper build success --> 7 [/URLAcKnow] org.apache.ibatis.session.defaults.DefaultSqlSessionFactory@664e5dee
[INFO ] 2021-03-04 16:32:59.779 [main] | [c.m.b.openapi.load.LoadMapperData.load:88] mapper build success --> 8 [/AcMom] org.apache.ibatis.session.defaults.DefaultSqlSessionFactory@63bde6c2
[INFO ] 2021-03-04 16:32:59.794 [main] | [c.m.b.openapi.load.LoadMapperData.load:88] mapper build success --> 9 [/numResourceCnt] org.apache.ibatis.session.defaults.DefaultSqlSessionFactory@36fcf6c0
[INFO ] 2021-03-04 16:32:59.804 [main] | [c.m.b.openapi.load.LoadMapperData.load:88] mapper build success --> 10 [/categoryCnt] org.apache.ibatis.session.defaults.DefaultSqlSessionFactory@62a4417
[INFO ] 2021-03-04 16:32:59.814 [main] | [c.m.b.openapi.load.LoadMapperData.load:88] mapper build success --> 11 [/pubCnt] org.apache.ibatis.session.defaults.DefaultSqlSessionFactory@68217d41
[INFO ] 2021-03-04 16:32:59.824 [main] | [c.m.b.openapi.load.LoadMapperData.load:88] mapper build success --> 12 [/operatorCnt] org.apache.ibatis.session.defaults.DefaultSqlSessionFactory@62891fc8
[INFO ] 2021-03-04 16:32:59.840 [main] | [c.m.b.openapi.load.LoadMapperData.load:88] mapper build success --> 13 [/12321Cnt] org.apache.ibatis.session.defaults.DefaultSqlSessionFactory@55e3d6c3
[INFO ] 2021-03-04 16:32:59.840 [main] | [c.m.b.openapi.load.LoadMapperData.load:95] load mapper finished...
[INFO ] 2021-03-04 16:32:59.998 [main] | [o.s.s.c.ThreadPoolTaskExecutor.initialize:181] Initializing ExecutorService 'applicationTaskExecutor'
[INFO ] 2021-03-04 16:33:00.197 [main] | [o.s.s.c.ThreadPoolTaskScheduler.initialize:181] Initializing ExecutorService 'taskScheduler'
[INFO ] 2021-03-04 16:33:00.225 [main] | [o.a.coyote.http11.Http11NioProtocol.log:173] Starting ProtocolHandler ["http-nio-50288"]
[INFO ] 2021-03-04 16:33:00.257 [main] | [o.s.b.w.e.tomcat.TomcatWebServer.start:220] Tomcat started on port(s): 50288 (http) with context path ''
[INFO ] 2021-03-04 16:33:00.273 [main] | [c.m.bigdata.openapi.MainApplication.logStarted:61] Started MainApplication in 6.041 seconds (JVM running for 7.8)
[INFO ] 2021-03-04 16:35:08.760 [http-nio-50288-exec-1] | [o.a.c.c.C.[Tomcat].[localhost].[/].log:173] Initializing Spring DispatcherServlet 'dispatcherServlet'
[INFO ] 2021-03-04 16:35:08.761 [http-nio-50288-exec-1] | [o.s.web.servlet.DispatcherServlet.initServletBean:525] Initializing Servlet 'dispatcherServlet'
[INFO ] 2021-03-04 16:35:08.764 [http-nio-50288-exec-1] | [o.s.web.servlet.DispatcherServlet.initServletBean:547] Completed initialization in 3 ms
[INFO ] 2021-03-04 18:00:33.114 [SpringContextShutdownHook] | [o.s.s.c.ThreadPoolTaskScheduler.shutdown:218] Shutting down ExecutorService 'taskScheduler'
[INFO ] 2021-03-04 18:00:33.137 [SpringContextShutdownHook] | [o.s.s.c.ThreadPoolTaskExecutor.shutdown:218] Shutting down ExecutorService 'applicationTaskExecutor'
[INFO ] 2021-03-04 18:00:33.139 [SpringContextShutdownHook] | [com.zaxxer.hikari.HikariDataSource.close:350] HikariPool-1 - Shutdown initiated...
[INFO ] 2021-03-04 18:00:33.165 [SpringContextShutdownHook] | [com.zaxxer.hikari.HikariDataSource.close:352] HikariPool-1 - Shutdown completed.
[INFO ] 2021-03-04 18:00:37.575 [main] | [c.m.bigdata.openapi.MainApplication.logStarting:55] Starting MainApplication using Java 1.8.0_271 on bogon with PID 12803 (/Users/wumutong/project/bi-imos-demo/bigdata-openapi/target/classes started by wumutong in /Users/wumutong/project/bi-imos-demo/bigdata-openapi)
[INFO ] 2021-03-04 18:00:37.585 [main] | [c.m.bigdata.openapi.MainApplication.logStartupProfileInfo:660] No active profile set, falling back to default profiles: default
[INFO ] 2021-03-04 18:00:38.667 [main] | [o.s.b.w.e.tomcat.TomcatWebServer.initialize:108] Tomcat initialized with port(s): 50288 (http)
[INFO ] 2021-03-04 18:00:38.681 [main] | [o.a.coyote.http11.Http11NioProtocol.log:173] Initializing ProtocolHandler ["http-nio-50288"]
[INFO ] 2021-03-04 18:00:38.682 [main] | [o.a.catalina.core.StandardService.log:173] Starting service [Tomcat]
[INFO ] 2021-03-04 18:00:38.683 [main] | [o.a.catalina.core.StandardEngine.log:173] Starting Servlet engine: [Apache Tomcat/9.0.39]
[INFO ] 2021-03-04 18:00:38.792 [main] | [o.a.c.c.C.[Tomcat].[localhost].[/].log:173] Initializing Spring embedded WebApplicationContext
[INFO ] 2021-03-04 18:00:38.792 [main] | [o.s.b.w.s.c.ServletWebServerApplicationContext.prepareWebApplicationContext:289] Root WebApplicationContext: initialization completed in 1178 ms
[INFO ] 2021-03-04 18:00:39.365 [main] | [c.m.b.openapi.load.LoadMapperData.load:45] load mapper starting...
[INFO ] 2021-03-04 18:00:39.365 [main] | [c.m.b.openapi.load.LoadMapperData.load:48] mapper build path --> /Users/wumutong/project/bi-imos-demo/bigdata-openapi/mapper-build
[INFO ] 2021-03-04 18:00:39.381 [main] | [com.zaxxer.hikari.HikariDataSource.getConnection:110] HikariPool-1 - Starting...
[INFO ] 2021-03-04 18:00:41.197 [main] | [com.zaxxer.hikari.HikariDataSource.getConnection:123] HikariPool-1 - Start completed.
[INFO ] 2021-03-04 18:00:41.640 [main] | [c.m.b.openapi.load.LoadMapperData.load:88] mapper build success --> 1 [/industTop10] org.apache.ibatis.session.defaults.DefaultSqlSessionFactory@1fba386c
[INFO ] 2021-03-04 18:00:41.648 [main] | [c.m.b.openapi.load.LoadMapperData.load:88] mapper build success --> 2 [/codeTop10] org.apache.ibatis.session.defaults.DefaultSqlSessionFactory@5d7835a8
[INFO ] 2021-03-04 18:00:41.656 [main] | [c.m.b.openapi.load.LoadMapperData.load:88] mapper build success --> 3 [/sceneRecogitionCnt] org.apache.ibatis.session.defaults.DefaultSqlSessionFactory@6940f685
[INFO ] 2021-03-04 18:00:41.664 [main] | [c.m.b.openapi.load.LoadMapperData.load:88] mapper build success --> 4 [/codeTop] org.apache.ibatis.session.defaults.DefaultSqlSessionFactory@3402b4c9
[INFO ] 2021-03-04 18:00:41.675 [main] | [c.m.b.openapi.load.LoadMapperData.load:88] mapper build success --> 5 [/industSentTrend] org.apache.ibatis.session.defaults.DefaultSqlSessionFactory@43a51d00
[INFO ] 2021-03-04 18:00:41.683 [main] | [c.m.b.openapi.load.LoadMapperData.load:88] mapper build success --> 6 [/bigIndustRecogitionCnt] org.apache.ibatis.session.defaults.DefaultSqlSessionFactory@7ee3d262
[INFO ] 2021-03-04 18:00:41.691 [main] | [c.m.b.openapi.load.LoadMapperData.load:88] mapper build success --> 7 [/URLAcKnow] org.apache.ibatis.session.defaults.DefaultSqlSessionFactory@e48bf9a
[INFO ] 2021-03-04 18:00:41.699 [main] | [c.m.b.openapi.load.LoadMapperData.load:88] mapper build success --> 8 [/AcMom] org.apache.ibatis.session.defaults.DefaultSqlSessionFactory@373f7450
[INFO ] 2021-03-04 18:00:41.710 [main] | [c.m.b.openapi.load.LoadMapperData.load:88] mapper build success --> 9 [/numResourceCnt] org.apache.ibatis.session.defaults.DefaultSqlSessionFactory@5c20aab9
[INFO ] 2021-03-04 18:00:41.720 [main] | [c.m.b.openapi.load.LoadMapperData.load:88] mapper build success --> 10 [/categoryCnt] org.apache.ibatis.session.defaults.DefaultSqlSessionFactory@7c447c76
[INFO ] 2021-03-04 18:00:41.730 [main] | [c.m.b.openapi.load.LoadMapperData.load:88] mapper build success --> 11 [/pubCnt] org.apache.ibatis.session.defaults.DefaultSqlSessionFactory@6107165
[INFO ] 2021-03-04 18:00:41.742 [main] | [c.m.b.openapi.load.LoadMapperData.load:88] mapper build success --> 12 [/operatorCnt] org.apache.ibatis.session.defaults.DefaultSqlSessionFactory@4aaae508
[INFO ] 2021-03-04 18:00:41.757 [main] | [c.m.b.openapi.load.LoadMapperData.load:88] mapper build success --> 13 [/12321Cnt] org.apache.ibatis.session.defaults.DefaultSqlSessionFactory@6ab4ba9f
[INFO ] 2021-03-04 18:00:41.769 [main] | [c.m.b.openapi.load.LoadMapperData.load:88] mapper build success --> 14 [/numSendCnt] org.apache.ibatis.session.defaults.DefaultSqlSessionFactory@4c59e45e
[INFO ] 2021-03-04 18:00:41.777 [main] | [c.m.b.openapi.load.LoadMapperData.load:88] mapper build success --> 15 [/numSignSendCnt] org.apache.ibatis.session.defaults.DefaultSqlSessionFactory@36fcf6c0
[INFO ] 2021-03-04 18:00:41.785 [main] | [c.m.b.openapi.load.LoadMapperData.load:88] mapper build success --> 16 [/dgwURL] org.apache.ibatis.session.defaults.DefaultSqlSessionFactory@1ac45389
[INFO ] 2021-03-04 18:00:41.786 [main] | [c.m.b.openapi.load.LoadMapperData.load:95] load mapper finished...
[INFO ] 2021-03-04 18:00:42.003 [main] | [o.s.s.c.ThreadPoolTaskExecutor.initialize:181] Initializing ExecutorService 'applicationTaskExecutor'
[INFO ] 2021-03-04 18:00:42.232 [main] | [o.s.s.c.ThreadPoolTaskScheduler.initialize:181] Initializing ExecutorService 'taskScheduler'
[INFO ] 2021-03-04 18:00:42.262 [main] | [o.a.coyote.http11.Http11NioProtocol.log:173] Starting ProtocolHandler ["http-nio-50288"]
[INFO ] 2021-03-04 18:00:42.311 [main] | [o.s.b.w.e.tomcat.TomcatWebServer.start:220] Tomcat started on port(s): 50288 (http) with context path ''
[INFO ] 2021-03-04 18:00:42.324 [main] | [c.m.bigdata.openapi.MainApplication.logStarted:61] Started MainApplication in 5.064 seconds (JVM running for 5.998)
[INFO ] 2021-03-04 18:00:49.542 [http-nio-50288-exec-1] | [o.a.c.c.C.[Tomcat].[localhost].[/].log:173] Initializing Spring DispatcherServlet 'dispatcherServlet'
[INFO ] 2021-03-04 18:00:49.542 [http-nio-50288-exec-1] | [o.s.web.servlet.DispatcherServlet.initServletBean:525] Initializing Servlet 'dispatcherServlet'
[INFO ] 2021-03-04 18:00:49.543 [http-nio-50288-exec-1] | [o.s.web.servlet.DispatcherServlet.initServletBean:547] Completed initialization in 1 ms
[ERROR] 2021-03-04 18:01:55.448 [http-nio-50288-exec-3] | [o.a.c.c.C.[.[.[.[dispatcherServlet].log:175] Servlet.service() for servlet [dispatcherServlet] in context with path [] threw exception [Request processing failed; nested exception is org.apache.ibatis.exceptions.PersistenceException: 
### Error querying database.  Cause: java.sql.SQLSyntaxErrorException: You have an error in your SQL syntax; check the manual that corresponds to your MySQL server version for the right syntax to use near ''%Y-%m'), '%Y%m')

      ORDER BY ac DESC' at line 6
### The error may exist in file:////Users/wumutong/project/bi-imos-demo/bigdata-openapi/mapper-build/mapper-build-14.xml
### The error may involve defaultParameterMap
### The error occurred while setting parameters
### SQL: SELECT         num, ac       FROM         bi_screen_ac_num_month_topn       WHERE           dt = DATE_FORMAT(STR_TO_DATE(?,,'%Y-%m'), '%Y%m')        ORDER BY ac DESC
### Cause: java.sql.SQLSyntaxErrorException: You have an error in your SQL syntax; check the manual that corresponds to your MySQL server version for the right syntax to use near ''%Y-%m'), '%Y%m')

      ORDER BY ac DESC' at line 6] with root cause
java.sql.SQLSyntaxErrorException: You have an error in your SQL syntax; check the manual that corresponds to your MySQL server version for the right syntax to use near ''%Y-%m'), '%Y%m')

      ORDER BY ac DESC' at line 6
	at com.mysql.cj.jdbc.exceptions.SQLError.createSQLException(SQLError.java:120)
	at com.mysql.cj.jdbc.exceptions.SQLError.createSQLException(SQLError.java:97)
	at com.mysql.cj.jdbc.exceptions.SQLExceptionsMapping.translateException(SQLExceptionsMapping.java:122)
	at com.mysql.cj.jdbc.ClientPreparedStatement.executeInternal(ClientPreparedStatement.java:953)
	at com.mysql.cj.jdbc.ClientPreparedStatement.execute(ClientPreparedStatement.java:370)
	at sun.reflect.NativeMethodAccessorImpl.invoke0(Native Method)
	at sun.reflect.NativeMethodAccessorImpl.invoke(NativeMethodAccessorImpl.java:62)
	at sun.reflect.DelegatingMethodAccessorImpl.invoke(DelegatingMethodAccessorImpl.java:43)
	at java.lang.reflect.Method.invoke(Method.java:498)
	at org.apache.ibatis.logging.jdbc.PreparedStatementLogger.invoke(PreparedStatementLogger.java:59)
	at com.sun.proxy.$Proxy79.execute(Unknown Source)
	at org.apache.ibatis.executor.statement.PreparedStatementHandler.query(PreparedStatementHandler.java:64)
	at org.apache.ibatis.executor.statement.RoutingStatementHandler.query(RoutingStatementHandler.java:79)
	at sun.reflect.NativeMethodAccessorImpl.invoke0(Native Method)
	at sun.reflect.NativeMethodAccessorImpl.invoke(NativeMethodAccessorImpl.java:62)
	at sun.reflect.DelegatingMethodAccessorImpl.invoke(DelegatingMethodAccessorImpl.java:43)
	at java.lang.reflect.Method.invoke(Method.java:498)
	at org.apache.ibatis.plugin.Plugin.invoke(Plugin.java:63)
	at com.sun.proxy.$Proxy77.query(Unknown Source)
	at org.apache.ibatis.executor.SimpleExecutor.doQuery(SimpleExecutor.java:63)
	at org.apache.ibatis.executor.BaseExecutor.queryFromDatabase(BaseExecutor.java:325)
	at org.apache.ibatis.executor.BaseExecutor.query(BaseExecutor.java:156)
	at org.apache.ibatis.executor.CachingExecutor.query(CachingExecutor.java:109)
	at com.baomidou.mybatisplus.extension.plugins.MybatisPlusInterceptor.intercept(MybatisPlusInterceptor.java:64)
	at org.apache.ibatis.plugin.Plugin.invoke(Plugin.java:61)
	at com.sun.proxy.$Proxy76.query(Unknown Source)
	at org.apache.ibatis.session.defaults.DefaultSqlSession.selectList(DefaultSqlSession.java:147)
	at org.apache.ibatis.session.defaults.DefaultSqlSession.selectList(DefaultSqlSession.java:140)
	at org.apache.ibatis.binding.MapperMethod.executeForMany(MapperMethod.java:147)
	at org.apache.ibatis.binding.MapperMethod.execute(MapperMethod.java:80)
	at org.apache.ibatis.binding.MapperProxy$PlainMethodInvoker.invoke(MapperProxy.java:152)
	at org.apache.ibatis.binding.MapperProxy.invoke(MapperProxy.java:85)
	at com.sun.proxy.$Proxy72.execute(Unknown Source)
	at com.mfexcel.bigdata.openapi.controller.BaseController.handler(BaseController.java:58)
	at sun.reflect.NativeMethodAccessorImpl.invoke0(Native Method)
	at sun.reflect.NativeMethodAccessorImpl.invoke(NativeMethodAccessorImpl.java:62)
	at sun.reflect.DelegatingMethodAccessorImpl.invoke(DelegatingMethodAccessorImpl.java:43)
	at java.lang.reflect.Method.invoke(Method.java:498)
	at org.springframework.web.method.support.InvocableHandlerMethod.doInvoke(InvocableHandlerMethod.java:197)
	at org.springframework.web.method.support.InvocableHandlerMethod.invokeForRequest(InvocableHandlerMethod.java:141)
	at org.springframework.web.servlet.mvc.method.annotation.ServletInvocableHandlerMethod.invokeAndHandle(ServletInvocableHandlerMethod.java:106)
	at org.springframework.web.servlet.mvc.method.annotation.RequestMappingHandlerAdapter.invokeHandlerMethod(RequestMappingHandlerAdapter.java:893)
	at org.springframework.web.servlet.mvc.method.annotation.RequestMappingHandlerAdapter.handleInternal(RequestMappingHandlerAdapter.java:807)
	at org.springframework.web.servlet.mvc.method.AbstractHandlerMethodAdapter.handle(AbstractHandlerMethodAdapter.java:87)
	at org.springframework.web.servlet.DispatcherServlet.doDispatch(DispatcherServlet.java:1061)
	at org.springframework.web.servlet.DispatcherServlet.doService(DispatcherServlet.java:961)
	at org.springframework.web.servlet.FrameworkServlet.processRequest(FrameworkServlet.java:1006)
	at org.springframework.web.servlet.FrameworkServlet.doPost(FrameworkServlet.java:909)
	at javax.servlet.http.HttpServlet.service(HttpServlet.java:652)
	at org.springframework.web.servlet.FrameworkServlet.service(FrameworkServlet.java:883)
	at javax.servlet.http.HttpServlet.service(HttpServlet.java:733)
	at org.apache.catalina.core.ApplicationFilterChain.internalDoFilter(ApplicationFilterChain.java:231)
	at org.apache.catalina.core.ApplicationFilterChain.doFilter(ApplicationFilterChain.java:166)
	at org.apache.tomcat.websocket.server.WsFilter.doFilter(WsFilter.java:53)
	at org.apache.catalina.core.ApplicationFilterChain.internalDoFilter(ApplicationFilterChain.java:193)
	at org.apache.catalina.core.ApplicationFilterChain.doFilter(ApplicationFilterChain.java:166)
	at org.springframework.web.filter.RequestContextFilter.doFilterInternal(RequestContextFilter.java:100)
	at org.springframework.web.filter.OncePerRequestFilter.doFilter(OncePerRequestFilter.java:119)
	at org.apache.catalina.core.ApplicationFilterChain.internalDoFilter(ApplicationFilterChain.java:193)
	at org.apache.catalina.core.ApplicationFilterChain.doFilter(ApplicationFilterChain.java:166)
	at org.springframework.web.filter.FormContentFilter.doFilterInternal(FormContentFilter.java:93)
	at org.springframework.web.filter.OncePerRequestFilter.doFilter(OncePerRequestFilter.java:119)
	at org.apache.catalina.core.ApplicationFilterChain.internalDoFilter(ApplicationFilterChain.java:193)
	at org.apache.catalina.core.ApplicationFilterChain.doFilter(ApplicationFilterChain.java:166)
	at org.springframework.web.filter.CharacterEncodingFilter.doFilterInternal(CharacterEncodingFilter.java:201)
	at org.springframework.web.filter.OncePerRequestFilter.doFilter(OncePerRequestFilter.java:119)
	at org.apache.catalina.core.ApplicationFilterChain.internalDoFilter(ApplicationFilterChain.java:193)
	at org.apache.catalina.core.ApplicationFilterChain.doFilter(ApplicationFilterChain.java:166)
	at org.apache.catalina.core.StandardWrapperValve.invoke(StandardWrapperValve.java:202)
	at org.apache.catalina.core.StandardContextValve.invoke(StandardContextValve.java:97)
	at org.apache.catalina.authenticator.AuthenticatorBase.invoke(AuthenticatorBase.java:542)
	at org.apache.catalina.core.StandardHostValve.invoke(StandardHostValve.java:143)
	at org.apache.catalina.valves.ErrorReportValve.invoke(ErrorReportValve.java:92)
	at org.apache.catalina.core.StandardEngineValve.invoke(StandardEngineValve.java:78)
	at org.apache.catalina.connector.CoyoteAdapter.service(CoyoteAdapter.java:343)
	at org.apache.coyote.http11.Http11Processor.service(Http11Processor.java:374)
	at org.apache.coyote.AbstractProcessorLight.process(AbstractProcessorLight.java:65)
	at org.apache.coyote.AbstractProtocol$ConnectionHandler.process(AbstractProtocol.java:868)
	at org.apache.tomcat.util.net.NioEndpoint$SocketProcessor.doRun(NioEndpoint.java:1590)
	at org.apache.tomcat.util.net.SocketProcessorBase.run(SocketProcessorBase.java:49)
	at java.util.concurrent.ThreadPoolExecutor.runWorker(ThreadPoolExecutor.java:1149)
	at java.util.concurrent.ThreadPoolExecutor$Worker.run(ThreadPoolExecutor.java:624)
	at org.apache.tomcat.util.threads.TaskThread$WrappingRunnable.run(TaskThread.java:61)
	at java.lang.Thread.run(Thread.java:748)
[ERROR] 2021-03-04 18:03:11.641 [http-nio-50288-exec-4] | [o.a.c.c.C.[.[.[.[dispatcherServlet].log:175] Servlet.service() for servlet [dispatcherServlet] in context with path [] threw exception [Request processing failed; nested exception is org.apache.ibatis.exceptions.PersistenceException: 
### Error querying database.  Cause: java.sql.SQLSyntaxErrorException: You have an error in your SQL syntax; check the manual that corresponds to your MySQL server version for the right syntax to use near ''%Y-%m'), '%Y%m')

      ORDER BY ac DESC' at line 6
### The error may exist in file:////Users/wumutong/project/bi-imos-demo/bigdata-openapi/mapper-build/mapper-build-14.xml
### The error may involve defaultParameterMap
### The error occurred while setting parameters
### SQL: SELECT         num, ac       FROM         bi_screen_ac_num_month_topn       WHERE           dt = DATE_FORMAT(STR_TO_DATE(?,,'%Y-%m'), '%Y%m')        ORDER BY ac DESC
### Cause: java.sql.SQLSyntaxErrorException: You have an error in your SQL syntax; check the manual that corresponds to your MySQL server version for the right syntax to use near ''%Y-%m'), '%Y%m')

      ORDER BY ac DESC' at line 6] with root cause
java.sql.SQLSyntaxErrorException: You have an error in your SQL syntax; check the manual that corresponds to your MySQL server version for the right syntax to use near ''%Y-%m'), '%Y%m')

      ORDER BY ac DESC' at line 6
	at com.mysql.cj.jdbc.exceptions.SQLError.createSQLException(SQLError.java:120)
	at com.mysql.cj.jdbc.exceptions.SQLError.createSQLException(SQLError.java:97)
	at com.mysql.cj.jdbc.exceptions.SQLExceptionsMapping.translateException(SQLExceptionsMapping.java:122)
	at com.mysql.cj.jdbc.ClientPreparedStatement.executeInternal(ClientPreparedStatement.java:953)
	at com.mysql.cj.jdbc.ClientPreparedStatement.execute(ClientPreparedStatement.java:370)
	at sun.reflect.NativeMethodAccessorImpl.invoke0(Native Method)
	at sun.reflect.NativeMethodAccessorImpl.invoke(NativeMethodAccessorImpl.java:62)
	at sun.reflect.DelegatingMethodAccessorImpl.invoke(DelegatingMethodAccessorImpl.java:43)
	at java.lang.reflect.Method.invoke(Method.java:498)
	at org.apache.ibatis.logging.jdbc.PreparedStatementLogger.invoke(PreparedStatementLogger.java:59)
	at com.sun.proxy.$Proxy79.execute(Unknown Source)
	at org.apache.ibatis.executor.statement.PreparedStatementHandler.query(PreparedStatementHandler.java:64)
	at org.apache.ibatis.executor.statement.RoutingStatementHandler.query(RoutingStatementHandler.java:79)
	at sun.reflect.NativeMethodAccessorImpl.invoke0(Native Method)
	at sun.reflect.NativeMethodAccessorImpl.invoke(NativeMethodAccessorImpl.java:62)
	at sun.reflect.DelegatingMethodAccessorImpl.invoke(DelegatingMethodAccessorImpl.java:43)
	at java.lang.reflect.Method.invoke(Method.java:498)
	at org.apache.ibatis.plugin.Plugin.invoke(Plugin.java:63)
	at com.sun.proxy.$Proxy77.query(Unknown Source)
	at org.apache.ibatis.executor.SimpleExecutor.doQuery(SimpleExecutor.java:63)
	at org.apache.ibatis.executor.BaseExecutor.queryFromDatabase(BaseExecutor.java:325)
	at org.apache.ibatis.executor.BaseExecutor.query(BaseExecutor.java:156)
	at org.apache.ibatis.executor.CachingExecutor.query(CachingExecutor.java:109)
	at com.baomidou.mybatisplus.extension.plugins.MybatisPlusInterceptor.intercept(MybatisPlusInterceptor.java:64)
	at org.apache.ibatis.plugin.Plugin.invoke(Plugin.java:61)
	at com.sun.proxy.$Proxy76.query(Unknown Source)
	at org.apache.ibatis.session.defaults.DefaultSqlSession.selectList(DefaultSqlSession.java:147)
	at org.apache.ibatis.session.defaults.DefaultSqlSession.selectList(DefaultSqlSession.java:140)
	at org.apache.ibatis.binding.MapperMethod.executeForMany(MapperMethod.java:147)
	at org.apache.ibatis.binding.MapperMethod.execute(MapperMethod.java:80)
	at org.apache.ibatis.binding.MapperProxy$PlainMethodInvoker.invoke(MapperProxy.java:152)
	at org.apache.ibatis.binding.MapperProxy.invoke(MapperProxy.java:85)
	at com.sun.proxy.$Proxy72.execute(Unknown Source)
	at com.mfexcel.bigdata.openapi.controller.BaseController.handler(BaseController.java:58)
	at sun.reflect.NativeMethodAccessorImpl.invoke0(Native Method)
	at sun.reflect.NativeMethodAccessorImpl.invoke(NativeMethodAccessorImpl.java:62)
	at sun.reflect.DelegatingMethodAccessorImpl.invoke(DelegatingMethodAccessorImpl.java:43)
	at java.lang.reflect.Method.invoke(Method.java:498)
	at org.springframework.web.method.support.InvocableHandlerMethod.doInvoke(InvocableHandlerMethod.java:197)
	at org.springframework.web.method.support.InvocableHandlerMethod.invokeForRequest(InvocableHandlerMethod.java:141)
	at org.springframework.web.servlet.mvc.method.annotation.ServletInvocableHandlerMethod.invokeAndHandle(ServletInvocableHandlerMethod.java:106)
	at org.springframework.web.servlet.mvc.method.annotation.RequestMappingHandlerAdapter.invokeHandlerMethod(RequestMappingHandlerAdapter.java:893)
	at org.springframework.web.servlet.mvc.method.annotation.RequestMappingHandlerAdapter.handleInternal(RequestMappingHandlerAdapter.java:807)
	at org.springframework.web.servlet.mvc.method.AbstractHandlerMethodAdapter.handle(AbstractHandlerMethodAdapter.java:87)
	at org.springframework.web.servlet.DispatcherServlet.doDispatch(DispatcherServlet.java:1061)
	at org.springframework.web.servlet.DispatcherServlet.doService(DispatcherServlet.java:961)
	at org.springframework.web.servlet.FrameworkServlet.processRequest(FrameworkServlet.java:1006)
	at org.springframework.web.servlet.FrameworkServlet.doPost(FrameworkServlet.java:909)
	at javax.servlet.http.HttpServlet.service(HttpServlet.java:652)
	at org.springframework.web.servlet.FrameworkServlet.service(FrameworkServlet.java:883)
	at javax.servlet.http.HttpServlet.service(HttpServlet.java:733)
	at org.apache.catalina.core.ApplicationFilterChain.internalDoFilter(ApplicationFilterChain.java:231)
	at org.apache.catalina.core.ApplicationFilterChain.doFilter(ApplicationFilterChain.java:166)
	at org.apache.tomcat.websocket.server.WsFilter.doFilter(WsFilter.java:53)
	at org.apache.catalina.core.ApplicationFilterChain.internalDoFilter(ApplicationFilterChain.java:193)
	at org.apache.catalina.core.ApplicationFilterChain.doFilter(ApplicationFilterChain.java:166)
	at org.springframework.web.filter.RequestContextFilter.doFilterInternal(RequestContextFilter.java:100)
	at org.springframework.web.filter.OncePerRequestFilter.doFilter(OncePerRequestFilter.java:119)
	at org.apache.catalina.core.ApplicationFilterChain.internalDoFilter(ApplicationFilterChain.java:193)
	at org.apache.catalina.core.ApplicationFilterChain.doFilter(ApplicationFilterChain.java:166)
	at org.springframework.web.filter.FormContentFilter.doFilterInternal(FormContentFilter.java:93)
	at org.springframework.web.filter.OncePerRequestFilter.doFilter(OncePerRequestFilter.java:119)
	at org.apache.catalina.core.ApplicationFilterChain.internalDoFilter(ApplicationFilterChain.java:193)
	at org.apache.catalina.core.ApplicationFilterChain.doFilter(ApplicationFilterChain.java:166)
	at org.springframework.web.filter.CharacterEncodingFilter.doFilterInternal(CharacterEncodingFilter.java:201)
	at org.springframework.web.filter.OncePerRequestFilter.doFilter(OncePerRequestFilter.java:119)
	at org.apache.catalina.core.ApplicationFilterChain.internalDoFilter(ApplicationFilterChain.java:193)
	at org.apache.catalina.core.ApplicationFilterChain.doFilter(ApplicationFilterChain.java:166)
	at org.apache.catalina.core.StandardWrapperValve.invoke(StandardWrapperValve.java:202)
	at org.apache.catalina.core.StandardContextValve.invoke(StandardContextValve.java:97)
	at org.apache.catalina.authenticator.AuthenticatorBase.invoke(AuthenticatorBase.java:542)
	at org.apache.catalina.core.StandardHostValve.invoke(StandardHostValve.java:143)
	at org.apache.catalina.valves.ErrorReportValve.invoke(ErrorReportValve.java:92)
	at org.apache.catalina.core.StandardEngineValve.invoke(StandardEngineValve.java:78)
	at org.apache.catalina.connector.CoyoteAdapter.service(CoyoteAdapter.java:343)
	at org.apache.coyote.http11.Http11Processor.service(Http11Processor.java:374)
	at org.apache.coyote.AbstractProcessorLight.process(AbstractProcessorLight.java:65)
	at org.apache.coyote.AbstractProtocol$ConnectionHandler.process(AbstractProtocol.java:868)
	at org.apache.tomcat.util.net.NioEndpoint$SocketProcessor.doRun(NioEndpoint.java:1590)
	at org.apache.tomcat.util.net.SocketProcessorBase.run(SocketProcessorBase.java:49)
	at java.util.concurrent.ThreadPoolExecutor.runWorker(ThreadPoolExecutor.java:1149)
	at java.util.concurrent.ThreadPoolExecutor$Worker.run(ThreadPoolExecutor.java:624)
	at org.apache.tomcat.util.threads.TaskThread$WrappingRunnable.run(TaskThread.java:61)
	at java.lang.Thread.run(Thread.java:748)
[INFO ] 2021-03-04 18:04:34.797 [SpringContextShutdownHook] | [o.s.s.c.ThreadPoolTaskScheduler.shutdown:218] Shutting down ExecutorService 'taskScheduler'
[INFO ] 2021-03-04 18:04:34.802 [SpringContextShutdownHook] | [o.s.s.c.ThreadPoolTaskExecutor.shutdown:218] Shutting down ExecutorService 'applicationTaskExecutor'
[INFO ] 2021-03-04 18:04:34.805 [SpringContextShutdownHook] | [com.zaxxer.hikari.HikariDataSource.close:350] HikariPool-1 - Shutdown initiated...
[INFO ] 2021-03-04 18:04:34.815 [SpringContextShutdownHook] | [com.zaxxer.hikari.HikariDataSource.close:352] HikariPool-1 - Shutdown completed.
[INFO ] 2021-03-04 18:04:37.978 [main] | [c.m.bigdata.openapi.MainApplication.logStarting:55] Starting MainApplication using Java 1.8.0_271 on bogon with PID 12840 (/Users/wumutong/project/bi-imos-demo/bigdata-openapi/target/classes started by wumutong in /Users/wumutong/project/bi-imos-demo/bigdata-openapi)
[INFO ] 2021-03-04 18:04:37.980 [main] | [c.m.bigdata.openapi.MainApplication.logStartupProfileInfo:660] No active profile set, falling back to default profiles: default
[INFO ] 2021-03-04 18:04:38.970 [main] | [o.s.b.w.e.tomcat.TomcatWebServer.initialize:108] Tomcat initialized with port(s): 50288 (http)
[INFO ] 2021-03-04 18:04:38.979 [main] | [o.a.coyote.http11.Http11NioProtocol.log:173] Initializing ProtocolHandler ["http-nio-50288"]
[INFO ] 2021-03-04 18:04:38.980 [main] | [o.a.catalina.core.StandardService.log:173] Starting service [Tomcat]
[INFO ] 2021-03-04 18:04:38.981 [main] | [o.a.catalina.core.StandardEngine.log:173] Starting Servlet engine: [Apache Tomcat/9.0.39]
[INFO ] 2021-03-04 18:04:39.059 [main] | [o.a.c.c.C.[Tomcat].[localhost].[/].log:173] Initializing Spring embedded WebApplicationContext
[INFO ] 2021-03-04 18:04:39.060 [main] | [o.s.b.w.s.c.ServletWebServerApplicationContext.prepareWebApplicationContext:289] Root WebApplicationContext: initialization completed in 1050 ms
[INFO ] 2021-03-04 18:04:39.657 [main] | [c.m.b.openapi.load.LoadMapperData.load:45] load mapper starting...
[INFO ] 2021-03-04 18:04:39.657 [main] | [c.m.b.openapi.load.LoadMapperData.load:48] mapper build path --> /Users/wumutong/project/bi-imos-demo/bigdata-openapi/mapper-build
[INFO ] 2021-03-04 18:04:39.670 [main] | [com.zaxxer.hikari.HikariDataSource.getConnection:110] HikariPool-1 - Starting...
[INFO ] 2021-03-04 18:04:41.383 [main] | [com.zaxxer.hikari.HikariDataSource.getConnection:123] HikariPool-1 - Start completed.
[INFO ] 2021-03-04 18:04:41.875 [main] | [c.m.b.openapi.load.LoadMapperData.load:88] mapper build success --> 1 [/industTop10] org.apache.ibatis.session.defaults.DefaultSqlSessionFactory@6b00ad9
[INFO ] 2021-03-04 18:04:41.883 [main] | [c.m.b.openapi.load.LoadMapperData.load:88] mapper build success --> 2 [/codeTop10] org.apache.ibatis.session.defaults.DefaultSqlSessionFactory@2f98635e
[INFO ] 2021-03-04 18:04:41.891 [main] | [c.m.b.openapi.load.LoadMapperData.load:88] mapper build success --> 3 [/sceneRecogitionCnt] org.apache.ibatis.session.defaults.DefaultSqlSessionFactory@2cec704c
[INFO ] 2021-03-04 18:04:41.899 [main] | [c.m.b.openapi.load.LoadMapperData.load:88] mapper build success --> 4 [/codeTop] org.apache.ibatis.session.defaults.DefaultSqlSessionFactory@3659d7b1
[INFO ] 2021-03-04 18:04:41.906 [main] | [c.m.b.openapi.load.LoadMapperData.load:88] mapper build success --> 5 [/industSentTrend] org.apache.ibatis.session.defaults.DefaultSqlSessionFactory@117bcfdc
[INFO ] 2021-03-04 18:04:41.912 [main] | [c.m.b.openapi.load.LoadMapperData.load:88] mapper build success --> 6 [/bigIndustRecogitionCnt] org.apache.ibatis.session.defaults.DefaultSqlSessionFactory@5ec46cdd
[INFO ] 2021-03-04 18:04:41.921 [main] | [c.m.b.openapi.load.LoadMapperData.load:88] mapper build success --> 7 [/URLAcKnow] org.apache.ibatis.session.defaults.DefaultSqlSessionFactory@46cb98a3
[INFO ] 2021-03-04 18:04:41.930 [main] | [c.m.b.openapi.load.LoadMapperData.load:88] mapper build success --> 8 [/AcMom] org.apache.ibatis.session.defaults.DefaultSqlSessionFactory@470a659f
[INFO ] 2021-03-04 18:04:41.938 [main] | [c.m.b.openapi.load.LoadMapperData.load:88] mapper build success --> 9 [/numResourceCnt] org.apache.ibatis.session.defaults.DefaultSqlSessionFactory@6ec65b5e
[INFO ] 2021-03-04 18:04:41.947 [main] | [c.m.b.openapi.load.LoadMapperData.load:88] mapper build success --> 10 [/categoryCnt] org.apache.ibatis.session.defaults.DefaultSqlSessionFactory@31edeac
[INFO ] 2021-03-04 18:04:41.953 [main] | [c.m.b.openapi.load.LoadMapperData.load:88] mapper build success --> 11 [/pubCnt] org.apache.ibatis.session.defaults.DefaultSqlSessionFactory@6fa69af7
[INFO ] 2021-03-04 18:04:41.962 [main] | [c.m.b.openapi.load.LoadMapperData.load:88] mapper build success --> 12 [/operatorCnt] org.apache.ibatis.session.defaults.DefaultSqlSessionFactory@7ea899a9
[INFO ] 2021-03-04 18:04:41.972 [main] | [c.m.b.openapi.load.LoadMapperData.load:88] mapper build success --> 13 [/12321Cnt] org.apache.ibatis.session.defaults.DefaultSqlSessionFactory@38b5f25
[INFO ] 2021-03-04 18:04:41.981 [main] | [c.m.b.openapi.load.LoadMapperData.load:88] mapper build success --> 14 [/numSendCnt] org.apache.ibatis.session.defaults.DefaultSqlSessionFactory@68b58644
[INFO ] 2021-03-04 18:04:41.990 [main] | [c.m.b.openapi.load.LoadMapperData.load:88] mapper build success --> 15 [/numSignSendCnt] org.apache.ibatis.session.defaults.DefaultSqlSessionFactory@58516c91
[INFO ] 2021-03-04 18:04:42.000 [main] | [c.m.b.openapi.load.LoadMapperData.load:88] mapper build success --> 16 [/dgwURL] org.apache.ibatis.session.defaults.DefaultSqlSessionFactory@7d5508e0
[INFO ] 2021-03-04 18:04:42.000 [main] | [c.m.b.openapi.load.LoadMapperData.load:95] load mapper finished...
[INFO ] 2021-03-04 18:04:42.131 [main] | [o.s.s.c.ThreadPoolTaskExecutor.initialize:181] Initializing ExecutorService 'applicationTaskExecutor'
[INFO ] 2021-03-04 18:04:42.265 [main] | [o.s.s.c.ThreadPoolTaskScheduler.initialize:181] Initializing ExecutorService 'taskScheduler'
[INFO ] 2021-03-04 18:04:42.285 [main] | [o.a.coyote.http11.Http11NioProtocol.log:173] Starting ProtocolHandler ["http-nio-50288"]
[INFO ] 2021-03-04 18:04:42.311 [main] | [o.s.b.w.e.tomcat.TomcatWebServer.start:220] Tomcat started on port(s): 50288 (http) with context path ''
[INFO ] 2021-03-04 18:04:42.322 [main] | [c.m.bigdata.openapi.MainApplication.logStarted:61] Started MainApplication in 4.607 seconds (JVM running for 5.337)
[INFO ] 2021-03-04 18:06:01.697 [http-nio-50288-exec-1] | [o.a.c.c.C.[Tomcat].[localhost].[/].log:173] Initializing Spring DispatcherServlet 'dispatcherServlet'
[INFO ] 2021-03-04 18:06:01.697 [http-nio-50288-exec-1] | [o.s.web.servlet.DispatcherServlet.initServletBean:525] Initializing Servlet 'dispatcherServlet'
[INFO ] 2021-03-04 18:06:01.699 [http-nio-50288-exec-1] | [o.s.web.servlet.DispatcherServlet.initServletBean:547] Completed initialization in 1 ms
[ERROR] 2021-03-04 18:08:24.905 [http-nio-50288-exec-9] | [o.a.c.c.C.[.[.[.[dispatcherServlet].log:175] Servlet.service() for servlet [dispatcherServlet] in context with path [] threw exception [Request processing failed; nested exception is org.apache.ibatis.exceptions.PersistenceException: 
### Error querying database.  Cause: java.sql.SQLSyntaxErrorException: Table 'dgw_report.dgw_url_verify_demo' doesn't exist
### The error may exist in file:////Users/wumutong/project/bi-imos-demo/bigdata-openapi/mapper-build/mapper-build-16.xml
### The error may involve defaultParameterMap
### The error occurred while setting parameters
### SQL: select      step1.phone as num,     step1.url,     step1.status     from     (     SELECT       phone,          url,          CASE status           WHEN -1 THEN '黑名单'              WHEN 1 THEN '未识别'              WHEN 2 THEN '白名单'              ELSE '未识别'         END AS status     FROM       dgw_url_verify_demo     WHERE       phone IS NOT NULL                      )step1       where        1=1
### Cause: java.sql.SQLSyntaxErrorException: Table 'dgw_report.dgw_url_verify_demo' doesn't exist] with root cause
java.sql.SQLSyntaxErrorException: Table 'dgw_report.dgw_url_verify_demo' doesn't exist
	at com.mysql.cj.jdbc.exceptions.SQLError.createSQLException(SQLError.java:120)
	at com.mysql.cj.jdbc.exceptions.SQLError.createSQLException(SQLError.java:97)
	at com.mysql.cj.jdbc.exceptions.SQLExceptionsMapping.translateException(SQLExceptionsMapping.java:122)
	at com.mysql.cj.jdbc.ClientPreparedStatement.executeInternal(ClientPreparedStatement.java:953)
	at com.mysql.cj.jdbc.ClientPreparedStatement.execute(ClientPreparedStatement.java:370)
	at sun.reflect.NativeMethodAccessorImpl.invoke0(Native Method)
	at sun.reflect.NativeMethodAccessorImpl.invoke(NativeMethodAccessorImpl.java:62)
	at sun.reflect.DelegatingMethodAccessorImpl.invoke(DelegatingMethodAccessorImpl.java:43)
	at java.lang.reflect.Method.invoke(Method.java:498)
	at org.apache.ibatis.logging.jdbc.PreparedStatementLogger.invoke(PreparedStatementLogger.java:59)
	at com.sun.proxy.$Proxy79.execute(Unknown Source)
	at org.apache.ibatis.executor.statement.PreparedStatementHandler.query(PreparedStatementHandler.java:64)
	at org.apache.ibatis.executor.statement.RoutingStatementHandler.query(RoutingStatementHandler.java:79)
	at sun.reflect.NativeMethodAccessorImpl.invoke0(Native Method)
	at sun.reflect.NativeMethodAccessorImpl.invoke(NativeMethodAccessorImpl.java:62)
	at sun.reflect.DelegatingMethodAccessorImpl.invoke(DelegatingMethodAccessorImpl.java:43)
	at java.lang.reflect.Method.invoke(Method.java:498)
	at org.apache.ibatis.plugin.Plugin.invoke(Plugin.java:63)
	at com.sun.proxy.$Proxy77.query(Unknown Source)
	at org.apache.ibatis.executor.SimpleExecutor.doQuery(SimpleExecutor.java:63)
	at org.apache.ibatis.executor.BaseExecutor.queryFromDatabase(BaseExecutor.java:325)
	at org.apache.ibatis.executor.BaseExecutor.query(BaseExecutor.java:156)
	at org.apache.ibatis.executor.CachingExecutor.query(CachingExecutor.java:109)
	at com.baomidou.mybatisplus.extension.plugins.MybatisPlusInterceptor.intercept(MybatisPlusInterceptor.java:64)
	at org.apache.ibatis.plugin.Plugin.invoke(Plugin.java:61)
	at com.sun.proxy.$Proxy76.query(Unknown Source)
	at org.apache.ibatis.session.defaults.DefaultSqlSession.selectList(DefaultSqlSession.java:147)
	at org.apache.ibatis.session.defaults.DefaultSqlSession.selectList(DefaultSqlSession.java:140)
	at org.apache.ibatis.binding.MapperMethod.executeForMany(MapperMethod.java:147)
	at org.apache.ibatis.binding.MapperMethod.execute(MapperMethod.java:80)
	at org.apache.ibatis.binding.MapperProxy$PlainMethodInvoker.invoke(MapperProxy.java:152)
	at org.apache.ibatis.binding.MapperProxy.invoke(MapperProxy.java:85)
	at com.sun.proxy.$Proxy72.execute(Unknown Source)
	at com.mfexcel.bigdata.openapi.controller.BaseController.handler(BaseController.java:58)
	at sun.reflect.NativeMethodAccessorImpl.invoke0(Native Method)
	at sun.reflect.NativeMethodAccessorImpl.invoke(NativeMethodAccessorImpl.java:62)
	at sun.reflect.DelegatingMethodAccessorImpl.invoke(DelegatingMethodAccessorImpl.java:43)
	at java.lang.reflect.Method.invoke(Method.java:498)
	at org.springframework.web.method.support.InvocableHandlerMethod.doInvoke(InvocableHandlerMethod.java:197)
	at org.springframework.web.method.support.InvocableHandlerMethod.invokeForRequest(InvocableHandlerMethod.java:141)
	at org.springframework.web.servlet.mvc.method.annotation.ServletInvocableHandlerMethod.invokeAndHandle(ServletInvocableHandlerMethod.java:106)
	at org.springframework.web.servlet.mvc.method.annotation.RequestMappingHandlerAdapter.invokeHandlerMethod(RequestMappingHandlerAdapter.java:893)
	at org.springframework.web.servlet.mvc.method.annotation.RequestMappingHandlerAdapter.handleInternal(RequestMappingHandlerAdapter.java:807)
	at org.springframework.web.servlet.mvc.method.AbstractHandlerMethodAdapter.handle(AbstractHandlerMethodAdapter.java:87)
	at org.springframework.web.servlet.DispatcherServlet.doDispatch(DispatcherServlet.java:1061)
	at org.springframework.web.servlet.DispatcherServlet.doService(DispatcherServlet.java:961)
	at org.springframework.web.servlet.FrameworkServlet.processRequest(FrameworkServlet.java:1006)
	at org.springframework.web.servlet.FrameworkServlet.doPost(FrameworkServlet.java:909)
	at javax.servlet.http.HttpServlet.service(HttpServlet.java:652)
	at org.springframework.web.servlet.FrameworkServlet.service(FrameworkServlet.java:883)
	at javax.servlet.http.HttpServlet.service(HttpServlet.java:733)
	at org.apache.catalina.core.ApplicationFilterChain.internalDoFilter(ApplicationFilterChain.java:231)
	at org.apache.catalina.core.ApplicationFilterChain.doFilter(ApplicationFilterChain.java:166)
	at org.apache.tomcat.websocket.server.WsFilter.doFilter(WsFilter.java:53)
	at org.apache.catalina.core.ApplicationFilterChain.internalDoFilter(ApplicationFilterChain.java:193)
	at org.apache.catalina.core.ApplicationFilterChain.doFilter(ApplicationFilterChain.java:166)
	at org.springframework.web.filter.RequestContextFilter.doFilterInternal(RequestContextFilter.java:100)
	at org.springframework.web.filter.OncePerRequestFilter.doFilter(OncePerRequestFilter.java:119)
	at org.apache.catalina.core.ApplicationFilterChain.internalDoFilter(ApplicationFilterChain.java:193)
	at org.apache.catalina.core.ApplicationFilterChain.doFilter(ApplicationFilterChain.java:166)
	at org.springframework.web.filter.FormContentFilter.doFilterInternal(FormContentFilter.java:93)
	at org.springframework.web.filter.OncePerRequestFilter.doFilter(OncePerRequestFilter.java:119)
	at org.apache.catalina.core.ApplicationFilterChain.internalDoFilter(ApplicationFilterChain.java:193)
	at org.apache.catalina.core.ApplicationFilterChain.doFilter(ApplicationFilterChain.java:166)
	at org.springframework.web.filter.CharacterEncodingFilter.doFilterInternal(CharacterEncodingFilter.java:201)
	at org.springframework.web.filter.OncePerRequestFilter.doFilter(OncePerRequestFilter.java:119)
	at org.apache.catalina.core.ApplicationFilterChain.internalDoFilter(ApplicationFilterChain.java:193)
	at org.apache.catalina.core.ApplicationFilterChain.doFilter(ApplicationFilterChain.java:166)
	at org.apache.catalina.core.StandardWrapperValve.invoke(StandardWrapperValve.java:202)
	at org.apache.catalina.core.StandardContextValve.invoke(StandardContextValve.java:97)
	at org.apache.catalina.authenticator.AuthenticatorBase.invoke(AuthenticatorBase.java:542)
	at org.apache.catalina.core.StandardHostValve.invoke(StandardHostValve.java:143)
	at org.apache.catalina.valves.ErrorReportValve.invoke(ErrorReportValve.java:92)
	at org.apache.catalina.core.StandardEngineValve.invoke(StandardEngineValve.java:78)
	at org.apache.catalina.connector.CoyoteAdapter.service(CoyoteAdapter.java:343)
	at org.apache.coyote.http11.Http11Processor.service(Http11Processor.java:374)
	at org.apache.coyote.AbstractProcessorLight.process(AbstractProcessorLight.java:65)
	at org.apache.coyote.AbstractProtocol$ConnectionHandler.process(AbstractProtocol.java:868)
	at org.apache.tomcat.util.net.NioEndpoint$SocketProcessor.doRun(NioEndpoint.java:1590)
	at org.apache.tomcat.util.net.SocketProcessorBase.run(SocketProcessorBase.java:49)
	at java.util.concurrent.ThreadPoolExecutor.runWorker(ThreadPoolExecutor.java:1149)
	at java.util.concurrent.ThreadPoolExecutor$Worker.run(ThreadPoolExecutor.java:624)
	at org.apache.tomcat.util.threads.TaskThread$WrappingRunnable.run(TaskThread.java:61)
	at java.lang.Thread.run(Thread.java:748)
[ERROR] 2021-03-04 18:08:52.933 [http-nio-50288-exec-10] | [o.a.c.c.C.[.[.[.[dispatcherServlet].log:175] Servlet.service() for servlet [dispatcherServlet] in context with path [] threw exception [Request processing failed; nested exception is org.apache.ibatis.exceptions.PersistenceException: 
### Error querying database.  Cause: java.sql.SQLSyntaxErrorException: Table 'dgw_report.dgw_url_verify_demo' doesn't exist
### The error may exist in file:////Users/wumutong/project/bi-imos-demo/bigdata-openapi/mapper-build/mapper-build-16.xml
### The error may involve defaultParameterMap
### The error occurred while setting parameters
### SQL: select      step1.phone as num,     step1.url,     step1.status     from     (     SELECT       phone,          url,          CASE status           WHEN -1 THEN '黑名单'              WHEN 1 THEN '未识别'              WHEN 2 THEN '白名单'              ELSE '未识别'         END AS status     FROM       dgw_url_verify_demo     WHERE       phone IS NOT NULL                      )step1       where        1=1
### Cause: java.sql.SQLSyntaxErrorException: Table 'dgw_report.dgw_url_verify_demo' doesn't exist] with root cause
java.sql.SQLSyntaxErrorException: Table 'dgw_report.dgw_url_verify_demo' doesn't exist
	at com.mysql.cj.jdbc.exceptions.SQLError.createSQLException(SQLError.java:120)
	at com.mysql.cj.jdbc.exceptions.SQLError.createSQLException(SQLError.java:97)
	at com.mysql.cj.jdbc.exceptions.SQLExceptionsMapping.translateException(SQLExceptionsMapping.java:122)
	at com.mysql.cj.jdbc.ClientPreparedStatement.executeInternal(ClientPreparedStatement.java:953)
	at com.mysql.cj.jdbc.ClientPreparedStatement.execute(ClientPreparedStatement.java:370)
	at sun.reflect.NativeMethodAccessorImpl.invoke0(Native Method)
	at sun.reflect.NativeMethodAccessorImpl.invoke(NativeMethodAccessorImpl.java:62)
	at sun.reflect.DelegatingMethodAccessorImpl.invoke(DelegatingMethodAccessorImpl.java:43)
	at java.lang.reflect.Method.invoke(Method.java:498)
	at org.apache.ibatis.logging.jdbc.PreparedStatementLogger.invoke(PreparedStatementLogger.java:59)
	at com.sun.proxy.$Proxy79.execute(Unknown Source)
	at org.apache.ibatis.executor.statement.PreparedStatementHandler.query(PreparedStatementHandler.java:64)
	at org.apache.ibatis.executor.statement.RoutingStatementHandler.query(RoutingStatementHandler.java:79)
	at sun.reflect.NativeMethodAccessorImpl.invoke0(Native Method)
	at sun.reflect.NativeMethodAccessorImpl.invoke(NativeMethodAccessorImpl.java:62)
	at sun.reflect.DelegatingMethodAccessorImpl.invoke(DelegatingMethodAccessorImpl.java:43)
	at java.lang.reflect.Method.invoke(Method.java:498)
	at org.apache.ibatis.plugin.Plugin.invoke(Plugin.java:63)
	at com.sun.proxy.$Proxy77.query(Unknown Source)
	at org.apache.ibatis.executor.SimpleExecutor.doQuery(SimpleExecutor.java:63)
	at org.apache.ibatis.executor.BaseExecutor.queryFromDatabase(BaseExecutor.java:325)
	at org.apache.ibatis.executor.BaseExecutor.query(BaseExecutor.java:156)
	at org.apache.ibatis.executor.CachingExecutor.query(CachingExecutor.java:109)
	at com.baomidou.mybatisplus.extension.plugins.MybatisPlusInterceptor.intercept(MybatisPlusInterceptor.java:64)
	at org.apache.ibatis.plugin.Plugin.invoke(Plugin.java:61)
	at com.sun.proxy.$Proxy76.query(Unknown Source)
	at org.apache.ibatis.session.defaults.DefaultSqlSession.selectList(DefaultSqlSession.java:147)
	at org.apache.ibatis.session.defaults.DefaultSqlSession.selectList(DefaultSqlSession.java:140)
	at org.apache.ibatis.binding.MapperMethod.executeForMany(MapperMethod.java:147)
	at org.apache.ibatis.binding.MapperMethod.execute(MapperMethod.java:80)
	at org.apache.ibatis.binding.MapperProxy$PlainMethodInvoker.invoke(MapperProxy.java:152)
	at org.apache.ibatis.binding.MapperProxy.invoke(MapperProxy.java:85)
	at com.sun.proxy.$Proxy72.execute(Unknown Source)
	at com.mfexcel.bigdata.openapi.controller.BaseController.handler(BaseController.java:58)
	at sun.reflect.NativeMethodAccessorImpl.invoke0(Native Method)
	at sun.reflect.NativeMethodAccessorImpl.invoke(NativeMethodAccessorImpl.java:62)
	at sun.reflect.DelegatingMethodAccessorImpl.invoke(DelegatingMethodAccessorImpl.java:43)
	at java.lang.reflect.Method.invoke(Method.java:498)
	at org.springframework.web.method.support.InvocableHandlerMethod.doInvoke(InvocableHandlerMethod.java:197)
	at org.springframework.web.method.support.InvocableHandlerMethod.invokeForRequest(InvocableHandlerMethod.java:141)
	at org.springframework.web.servlet.mvc.method.annotation.ServletInvocableHandlerMethod.invokeAndHandle(ServletInvocableHandlerMethod.java:106)
	at org.springframework.web.servlet.mvc.method.annotation.RequestMappingHandlerAdapter.invokeHandlerMethod(RequestMappingHandlerAdapter.java:893)
	at org.springframework.web.servlet.mvc.method.annotation.RequestMappingHandlerAdapter.handleInternal(RequestMappingHandlerAdapter.java:807)
	at org.springframework.web.servlet.mvc.method.AbstractHandlerMethodAdapter.handle(AbstractHandlerMethodAdapter.java:87)
	at org.springframework.web.servlet.DispatcherServlet.doDispatch(DispatcherServlet.java:1061)
	at org.springframework.web.servlet.DispatcherServlet.doService(DispatcherServlet.java:961)
	at org.springframework.web.servlet.FrameworkServlet.processRequest(FrameworkServlet.java:1006)
	at org.springframework.web.servlet.FrameworkServlet.doPost(FrameworkServlet.java:909)
	at javax.servlet.http.HttpServlet.service(HttpServlet.java:652)
	at org.springframework.web.servlet.FrameworkServlet.service(FrameworkServlet.java:883)
	at javax.servlet.http.HttpServlet.service(HttpServlet.java:733)
	at org.apache.catalina.core.ApplicationFilterChain.internalDoFilter(ApplicationFilterChain.java:231)
	at org.apache.catalina.core.ApplicationFilterChain.doFilter(ApplicationFilterChain.java:166)
	at org.apache.tomcat.websocket.server.WsFilter.doFilter(WsFilter.java:53)
	at org.apache.catalina.core.ApplicationFilterChain.internalDoFilter(ApplicationFilterChain.java:193)
	at org.apache.catalina.core.ApplicationFilterChain.doFilter(ApplicationFilterChain.java:166)
	at org.springframework.web.filter.RequestContextFilter.doFilterInternal(RequestContextFilter.java:100)
	at org.springframework.web.filter.OncePerRequestFilter.doFilter(OncePerRequestFilter.java:119)
	at org.apache.catalina.core.ApplicationFilterChain.internalDoFilter(ApplicationFilterChain.java:193)
	at org.apache.catalina.core.ApplicationFilterChain.doFilter(ApplicationFilterChain.java:166)
	at org.springframework.web.filter.FormContentFilter.doFilterInternal(FormContentFilter.java:93)
	at org.springframework.web.filter.OncePerRequestFilter.doFilter(OncePerRequestFilter.java:119)
	at org.apache.catalina.core.ApplicationFilterChain.internalDoFilter(ApplicationFilterChain.java:193)
	at org.apache.catalina.core.ApplicationFilterChain.doFilter(ApplicationFilterChain.java:166)
	at org.springframework.web.filter.CharacterEncodingFilter.doFilterInternal(CharacterEncodingFilter.java:201)
	at org.springframework.web.filter.OncePerRequestFilter.doFilter(OncePerRequestFilter.java:119)
	at org.apache.catalina.core.ApplicationFilterChain.internalDoFilter(ApplicationFilterChain.java:193)
	at org.apache.catalina.core.ApplicationFilterChain.doFilter(ApplicationFilterChain.java:166)
	at org.apache.catalina.core.StandardWrapperValve.invoke(StandardWrapperValve.java:202)
	at org.apache.catalina.core.StandardContextValve.invoke(StandardContextValve.java:97)
	at org.apache.catalina.authenticator.AuthenticatorBase.invoke(AuthenticatorBase.java:542)
	at org.apache.catalina.core.StandardHostValve.invoke(StandardHostValve.java:143)
	at org.apache.catalina.valves.ErrorReportValve.invoke(ErrorReportValve.java:92)
	at org.apache.catalina.core.StandardEngineValve.invoke(StandardEngineValve.java:78)
	at org.apache.catalina.connector.CoyoteAdapter.service(CoyoteAdapter.java:343)
	at org.apache.coyote.http11.Http11Processor.service(Http11Processor.java:374)
	at org.apache.coyote.AbstractProcessorLight.process(AbstractProcessorLight.java:65)
	at org.apache.coyote.AbstractProtocol$ConnectionHandler.process(AbstractProtocol.java:868)
	at org.apache.tomcat.util.net.NioEndpoint$SocketProcessor.doRun(NioEndpoint.java:1590)
	at org.apache.tomcat.util.net.SocketProcessorBase.run(SocketProcessorBase.java:49)
	at java.util.concurrent.ThreadPoolExecutor.runWorker(ThreadPoolExecutor.java:1149)
	at java.util.concurrent.ThreadPoolExecutor$Worker.run(ThreadPoolExecutor.java:624)
	at org.apache.tomcat.util.threads.TaskThread$WrappingRunnable.run(TaskThread.java:61)
	at java.lang.Thread.run(Thread.java:748)
[INFO ] 2021-03-04 18:23:16.810 [SpringContextShutdownHook] | [o.s.s.c.ThreadPoolTaskScheduler.shutdown:218] Shutting down ExecutorService 'taskScheduler'
[INFO ] 2021-03-04 18:23:16.817 [SpringContextShutdownHook] | [o.s.s.c.ThreadPoolTaskExecutor.shutdown:218] Shutting down ExecutorService 'applicationTaskExecutor'
[INFO ] 2021-03-04 18:23:16.818 [SpringContextShutdownHook] | [com.zaxxer.hikari.HikariDataSource.close:350] HikariPool-1 - Shutdown initiated...
[INFO ] 2021-03-04 18:23:16.830 [SpringContextShutdownHook] | [com.zaxxer.hikari.HikariDataSource.close:352] HikariPool-1 - Shutdown completed.
